# JRE version: Java(TM) SE Runtime Environment (16.0.1+9) (build 16.0.1+9-24)
# Java VM: Java HotSpot(TM) 64-Bit Server VM (16.0.1+9-24, mixed mode, sharing, tiered, compressed oops, compressed class ptrs, g1 gc, bsd-amd64)
GC Precious Log:
 CPUs: 4 total, 4 available
 Memory: 8192M
 Large Page Support: Disabled
 NUMA Support: Disabled
 Compressed Oops: Enabled (Zero based)
 Heap Region Size: 1M
 Heap Min Capacity: 8M
 Heap Initial Capacity: 128M
 Heap Max Capacity: 1G
 Pre-touch: Disabled
 Parallel Workers: 4
 Concurrent Workers: 1
 Concurrent Refinement Workers: 4
 Periodic GC: Disabled
Heap:
 garbage-first heap   total 27648K, used 5933K [0x00000007c0000000, 0x0000000800000000)
  region size 1024K, 1 young (1024K), 0 survivors (0K)
 Metaspace       used 2183K, committed 2304K, reserved 1056768K
  class space    used 189K, committed 256K, reserved 1048576K
GC Heap History (20 events):
Event: 1.592 GC heap before
{Heap before GC invocations=5 (full 1):
 garbage-first heap   total 17408K, used 8808K [0x00000007c0000000, 0x0000000800000000)
  region size 1024K, 6 young (6144K), 1 survivors (1024K)
 Metaspace       used 2072K, committed 2240K, reserved 1056768K
  class space    used 179K, committed 256K, reserved 1048576K
}
Event: 1.594 GC heap after
{Heap after GC invocations=6 (full 1):
 garbage-first heap   total 17408K, used 4177K [0x00000007c0000000, 0x0000000800000000)
  region size 1024K, 1 young (1024K), 1 survivors (1024K)
 Metaspace       used 2072K, committed 2240K, reserved 1056768K
  class space    used 179K, committed 256K, reserved 1048576K
}
Event: 1.601 GC heap before
{Heap before GC invocations=6 (full 1):
 garbage-first heap   total 17408K, used 8273K [0x00000007c0000000, 0x0000000800000000)
  region size 1024K, 5 young (5120K), 1 survivors (1024K)
 Metaspace       used 2073K, committed 2240K, reserved 1056768K
  class space    used 179K, committed 256K, reserved 1048576K
}
Event: 1.603 GC heap after
{Heap after GC invocations=7 (full 1):
 garbage-first heap   total 74752K, used 4577K [0x00000007c0000000, 0x0000000800000000)
  region size 1024K, 1 young (1024K), 1 survivors (1024K)
 Metaspace       used 2073K, committed 2240K, reserved 1056768K
  class space    used 179K, committed 256K, reserved 1048576K
}
Event: 1.671 GC heap before
{Heap before GC invocations=7 (full 1):
 garbage-first heap   total 74752K, used 20961K [0x00000007c0000000, 0x0000000800000000)
  region size 1024K, 18 young (18432K), 1 survivors (1024K)
 Metaspace       used 2179K, committed 2304K, reserved 1056768K
  class space    used 187K, committed 256K, reserved 1048576K
}
Event: 1.682 GC heap after
{Heap after GC invocations=8 (full 2):
 garbage-first heap   total 27648K, used 5932K [0x00000007c0000000, 0x0000000800000000)
  region size 1024K, 0 young (0K), 0 survivors (0K)
 Metaspace       used 2179K, committed 2304K, reserved 1056768K
  class space    used 187K, committed 256K, reserved 1048576K
}
Event: 1.691 GC heap before
{Heap before GC invocations=8 (full 2):
 garbage-first heap   total 27648K, used 5932K [0x00000007c0000000, 0x0000000800000000)
  region size 1024K, 1 young (1024K), 0 survivors (0K)
 Metaspace       used 2179K, committed 2304K, reserved 1056768K
  class space    used 187K, committed 256K, reserved 1048576K
}
Event: 1.698 GC heap after
{Heap after GC invocations=9 (full 3):
 garbage-first heap   total 27648K, used 5933K [0x00000007c0000000, 0x0000000800000000)
  region size 1024K, 0 young (0K), 0 survivors (0K)
 Metaspace       used 2179K, committed 2304K, reserved 1056768K
  class space    used 187K, committed 256K, reserved 1048576K
}
Event: 7.196 GC heap before
{Heap before GC invocations=9 (full 3):
 garbage-first heap   total 27648K, used 5933K [0x00000007c0000000, 0x0000000800000000)
  region size 1024K, 1 young (1024K), 0 survivors (0K)
 Metaspace       used 2179K, committed 2304K, reserved 1056768K
  class space    used 187K, committed 256K, reserved 1048576K
}
Event: 7.201 GC heap after
{Heap after GC invocations=10 (full 4):
 garbage-first heap   total 27648K, used 5933K [0x00000007c0000000, 0x0000000800000000)
  region size 1024K, 0 young (0K), 0 survivors (0K)
 Metaspace       used 2179K, committed 2304K, reserved 1056768K
  class space    used 187K, committed 256K, reserved 1048576K
}
Event: 7.219 GC heap before
{Heap before GC invocations=10 (full 4):
 garbage-first heap   total 27648K, used 5933K [0x00000007c0000000, 0x0000000800000000)
  region size 1024K, 1 young (1024K), 0 survivors (0K)
 Metaspace       used 2179K, committed 2304K, reserved 1056768K
  class space    used 187K, committed 256K, reserved 1048576K
}
Event: 7.224 GC heap after
{Heap after GC invocations=11 (full 5):
 garbage-first heap   total 27648K, used 5933K [0x00000007c0000000, 0x0000000800000000)
  region size 1024K, 0 young (0K), 0 survivors (0K)
 Metaspace       used 2179K, committed 2304K, reserved 1056768K
  class space    used 187K, committed 256K, reserved 1048576K
}
Event: 7.240 GC heap before
{Heap before GC invocations=11 (full 5):
 garbage-first heap   total 27648K, used 5933K [0x00000007c0000000, 0x0000000800000000)
  region size 1024K, 1 young (1024K), 0 survivors (0K)
 Metaspace       used 2179K, committed 2304K, reserved 1056768K
  class space    used 187K, committed 256K, reserved 1048576K
}
Event: 7.245 GC heap after
{Heap after GC invocations=12 (full 6):
 garbage-first heap   total 27648K, used 5933K [0x00000007c0000000, 0x0000000800000000)
  region size 1024K, 0 young (0K), 0 survivors (0K)
 Metaspace       used 2179K, committed 2304K, reserved 1056768K
  class space    used 187K, committed 256K, reserved 1048576K
}
Event: 7.957 GC heap before
{Heap before GC invocations=12 (full 6):
 garbage-first heap   total 27648K, used 5933K [0x00000007c0000000, 0x0000000800000000)
  region size 1024K, 1 young (1024K), 0 survivors (0K)
 Metaspace       used 2179K, committed 2304K, reserved 1056768K
  class space    used 187K, committed 256K, reserved 1048576K
}
Event: 7.963 GC heap after
{Heap after GC invocations=13 (full 7):
 garbage-first heap   total 27648K, used 5933K [0x00000007c0000000, 0x0000000800000000)
  region size 1024K, 0 young (0K), 0 survivors (0K)
 Metaspace       used 2179K, committed 2304K, reserved 1056768K
  class space    used 187K, committed 256K, reserved 1048576K
}
Event: 15.725 GC heap before
{Heap before GC invocations=13 (full 7):
 garbage-first heap   total 27648K, used 5933K [0x00000007c0000000, 0x0000000800000000)
  region size 1024K, 1 young (1024K), 0 survivors (0K)
 Metaspace       used 2179K, committed 2304K, reserved 1056768K
  class space    used 187K, committed 256K, reserved 1048576K
}
Event: 15.733 GC heap after
{Heap after GC invocations=14 (full 8):
 garbage-first heap   total 27648K, used 5933K [0x00000007c0000000, 0x0000000800000000)
  region size 1024K, 0 young (0K), 0 survivors (0K)
 Metaspace       used 2179K, committed 2304K, reserved 1056768K
  class space    used 187K, committed 256K, reserved 1048576K
}
Event: 15.783 GC heap before
{Heap before GC invocations=14 (full 8):
 garbage-first heap   total 27648K, used 5933K [0x00000007c0000000, 0x0000000800000000)
  region size 1024K, 1 young (1024K), 0 survivors (0K)
 Metaspace       used 2179K, committed 2304K, reserved 1056768K
  class space    used 187K, committed 256K, reserved 1048576K
}
Event: 15.788 GC heap after
{Heap after GC invocations=15 (full 9):
 garbage-first heap   total 27648K, used 5933K [0x00000007c0000000, 0x0000000800000000)
  region size 1024K, 0 young (0K), 0 survivors (0K)
 Metaspace       used 2179K, committed 2304K, reserved 1056768K
  class space    used 187K, committed 256K, reserved 1048576K
}

